<?xml version="1.0" encoding="UTF-8"?>
<!-- Generated by org.testng.reporters.JUnitReportReporter -->
<testsuite skipped="0" hostname="SnehalMarathe" name="com.unibuddy.test.TestCaseClass" tests="1" failures="0" timestamp="01 Sep 2020 14:29:29 GMT" time="26.908" errors="0">
  <testcase name="SignUp" time="26.908" classname="com.unibuddy.test.TestCaseClass"/>
</testsuite> <!-- com.unibuddy.test.TestCaseClass -->
